0 info it worked if it ends with ok
1 verbose cli [ 'C:\\Program Files (x86)\\nodejs\\\\node.exe',
1 verbose cli   'C:\\Program Files (x86)\\nodejs\\node_modules\\npm\\bin\\npm-cli.js',
1 verbose cli   'install',
1 verbose cli   'rollup',
1 verbose cli   '--global' ]
2 info using npm@2.11.3
3 info using node@v0.12.7
4 verbose install initial load of C:\Users\mlanza\AppData\Roaming\npm\package.json
5 verbose readDependencies loading dependencies from C:\Users\mlanza\AppData\Roaming\npm\package.json
6 silly cache add args [ 'rollup', null ]
7 verbose cache add spec rollup
8 silly cache add parsed spec { raw: 'rollup',
8 silly cache add   scope: null,
8 silly cache add   name: 'rollup',
8 silly cache add   rawSpec: '',
8 silly cache add   spec: '*',
8 silly cache add   type: 'range' }
9 silly addNamed rollup@*
10 verbose addNamed "*" is a valid semver range for rollup
11 silly addNameRange { name: 'rollup', range: '*', hasData: false }
12 silly mapToRegistry name rollup
13 silly mapToRegistry using default registry
14 silly mapToRegistry registry https://registry.npmjs.org/
15 silly mapToRegistry uri https://registry.npmjs.org/rollup
16 verbose addNameRange registry:https://registry.npmjs.org/rollup not in flight; fetching
17 verbose request uri https://registry.npmjs.org/rollup
18 verbose request no auth needed
19 info attempt registry request try #1 at 2:52:59 PM
20 verbose request id 07d12091fcd2820e
21 verbose etag "DE66WO3S6Z0C3IOH1YV8K4WMD"
22 http request GET https://registry.npmjs.org/rollup
23 http 200 https://registry.npmjs.org/rollup
24 silly get cb [ 200,
24 silly get   { server: 'CouchDB/1.5.0 (Erlang OTP/R16B03)',
24 silly get     etag: '"9TI7S1D2UB701TBK082L0T6QN"',
24 silly get     'content-type': 'application/json',
24 silly get     'content-encoding': 'gzip',
24 silly get     'cache-control': 'max-age=300',
24 silly get     'content-length': '32323',
24 silly get     'accept-ranges': 'bytes',
24 silly get     date: 'Wed, 09 Nov 2016 19:52:59 GMT',
24 silly get     via: '1.1 varnish',
24 silly get     age: '211',
24 silly get     connection: 'keep-alive',
24 silly get     'x-served-by': 'cache-iad2151-IAD',
24 silly get     'x-cache': 'HIT',
24 silly get     'x-cache-hits': '1',
24 silly get     'x-timer': 'S1478721179.503790,VS0,VE0',
24 silly get     vary: 'Accept-Encoding' } ]
25 verbose get saving rollup to C:\Users\mlanza\AppData\Roaming\npm-cache\registry.npmjs.org\rollup\.cache.json
26 silly addNameRange number 2 { name: 'rollup', range: '*', hasData: true }
27 silly addNameRange versions [ 'rollup',
27 silly addNameRange   [ '0.1.0',
27 silly addNameRange     '0.2.0',
27 silly addNameRange     '0.2.1',
27 silly addNameRange     '0.3.0',
27 silly addNameRange     '0.3.1',
27 silly addNameRange     '0.4.0',
27 silly addNameRange     '0.4.1',
27 silly addNameRange     '0.5.0',
27 silly addNameRange     '0.6.0',
27 silly addNameRange     '0.6.1',
27 silly addNameRange     '0.6.2',
27 silly addNameRange     '0.6.3',
27 silly addNameRange     '0.6.4',
27 silly addNameRange     '0.6.5',
27 silly addNameRange     '0.7.0',
27 silly addNameRange     '0.7.1',
27 silly addNameRange     '0.7.2',
27 silly addNameRange     '0.7.3',
27 silly addNameRange     '0.7.4',
27 silly addNameRange     '0.7.5',
27 silly addNameRange     '0.7.6',
27 silly addNameRange     '0.7.7',
27 silly addNameRange     '0.7.8',
27 silly addNameRange     '0.8.0',
27 silly addNameRange     '0.8.1',
27 silly addNameRange     '0.8.2',
27 silly addNameRange     '0.8.3',
27 silly addNameRange     '0.9.0',
27 silly addNameRange     '0.9.1',
27 silly addNameRange     '0.10.0',
27 silly addNameRange     '0.11.0',
27 silly addNameRange     '0.11.1',
27 silly addNameRange     '0.11.2',
27 silly addNameRange     '0.11.3',
27 silly addNameRange     '0.11.4',
27 silly addNameRange     '0.12.0',
27 silly addNameRange     '0.12.1',
27 silly addNameRange     '0.13.0',
27 silly addNameRange     '0.14.0',
27 silly addNameRange     '0.14.1',
27 silly addNameRange     '0.15.0',
27 silly addNameRange     '0.16.0',
27 silly addNameRange     '0.16.1',
27 silly addNameRange     '0.16.2',
27 silly addNameRange     '0.16.3',
27 silly addNameRange     '0.16.4',
27 silly addNameRange     '0.17.0',
27 silly addNameRange     '0.17.1',
27 silly addNameRange     '0.17.2',
27 silly addNameRange     '0.17.3',
27 silly addNameRange     '0.18.0',
27 silly addNameRange     '0.18.1',
27 silly addNameRange     '0.18.2',
27 silly addNameRange     '0.18.3',
27 silly addNameRange     '0.18.4',
27 silly addNameRange     '0.18.5',
27 silly addNameRange     '0.19.0',
27 silly addNameRange     '0.19.1',
27 silly addNameRange     '0.19.2',
27 silly addNameRange     '0.20.0',
27 silly addNameRange     '0.20.1',
27 silly addNameRange     '0.20.2',
27 silly addNameRange     '0.20.3',
27 silly addNameRange     '0.20.4',
27 silly addNameRange     '0.20.5',
27 silly addNameRange     '0.21.0',
27 silly addNameRange     '0.21.1',
27 silly addNameRange     '0.21.2',
27 silly addNameRange     '0.21.3',
27 silly addNameRange     '0.22.0',
27 silly addNameRange     '0.22.1',
27 silly addNameRange     '0.22.2',
27 silly addNameRange     '0.23.0',
27 silly addNameRange     '0.23.1',
27 silly addNameRange     '0.23.2',
27 silly addNameRange     '0.24.0',
27 silly addNameRange     '0.24.1',
27 silly addNameRange     '0.25.0',
27 silly addNameRange     '0.25.1',
27 silly addNameRange     '0.25.2',
27 silly addNameRange     '0.25.3',
27 silly addNameRange     '0.25.4',
27 silly addNameRange     '0.25.5',
27 silly addNameRange     '0.25.6',
27 silly addNameRange     '0.25.7',
27 silly addNameRange     '0.25.8',
27 silly addNameRange     '0.26.0',
27 silly addNameRange     '0.26.1',
27 silly addNameRange     '0.26.2',
27 silly addNameRange     '0.26.3',
27 silly addNameRange     '0.26.4',
27 silly addNameRange     '0.26.5',
27 silly addNameRange     '0.26.6',
27 silly addNameRange     '0.26.7',
27 silly addNameRange     '0.27.0',
27 silly addNameRange     '0.27.1',
27 silly addNameRange     '0.28.0',
27 silly addNameRange     '0.29.0',
27 silly addNameRange     '0.29.1',
27 silly addNameRange     '0.30.0',
27 silly addNameRange     '0.31.0',
27 silly addNameRange     '0.31.1',
27 silly addNameRange     '0.31.2',
27 silly addNameRange     '0.32.0',
27 silly addNameRange     '0.32.1',
27 silly addNameRange     '0.32.2',
27 silly addNameRange     '0.32.3',
27 silly addNameRange     '0.32.4',
27 silly addNameRange     '0.33.0',
27 silly addNameRange     '0.33.1',
27 silly addNameRange     '0.33.2',
27 silly addNameRange     '0.34.0',
27 silly addNameRange     '0.34.1',
27 silly addNameRange     '0.34.2',
27 silly addNameRange     '0.34.3',
27 silly addNameRange     '0.34.4',
27 silly addNameRange     '0.34.5',
27 silly addNameRange     '0.34.6',
27 silly addNameRange     '0.34.7',
27 silly addNameRange     '0.34.8',
27 silly addNameRange     '0.34.9',
27 silly addNameRange     '0.34.10',
27 silly addNameRange     '0.34.11',
27 silly addNameRange     '0.34.12',
27 silly addNameRange     '0.34.13',
27 silly addNameRange     '0.35.0',
27 silly addNameRange     '0.35.1',
27 silly addNameRange     '0.35.2',
27 silly addNameRange     '0.35.3',
27 silly addNameRange     '0.35.4',
27 silly addNameRange     '0.35.5',
27 silly addNameRange     '0.35.6',
27 silly addNameRange     '0.35.7',
27 silly addNameRange     '0.35.8',
27 silly addNameRange     '0.35.9',
27 silly addNameRange     '0.35.10',
27 silly addNameRange     '0.35.11',
27 silly addNameRange     '0.35.12',
27 silly addNameRange     '0.35.13',
27 silly addNameRange     '0.35.14',
27 silly addNameRange     '0.35.15',
27 silly addNameRange     '0.36.0',
27 silly addNameRange     '0.36.1',
27 silly addNameRange     '0.36.2',
27 silly addNameRange     '0.36.3' ] ]
28 silly addNamed rollup@0.36.3
29 verbose addNamed "0.36.3" is a plain semver version for rollup
30 silly mapToRegistry name rollup
31 silly mapToRegistry using default registry
32 silly mapToRegistry registry https://registry.npmjs.org/
33 silly mapToRegistry uri https://registry.npmjs.org/rollup
34 verbose addRemoteTarball https://registry.npmjs.org/rollup/-/rollup-0.36.3.tgz not in flight; adding
35 verbose addRemoteTarball [ 'https://registry.npmjs.org/rollup/-/rollup-0.36.3.tgz',
35 verbose addRemoteTarball   'c89ac479828924ff8f69c1d44541cb4ea2fc11fc' ]
36 info retry fetch attempt 1 at 2:53:00 PM
37 info attempt registry request try #1 at 2:53:00 PM
38 http fetch GET https://registry.npmjs.org/rollup/-/rollup-0.36.3.tgz
39 http fetch 200 https://registry.npmjs.org/rollup/-/rollup-0.36.3.tgz
40 silly fetchAndShaCheck shasum c89ac479828924ff8f69c1d44541cb4ea2fc11fc
41 verbose addTmpTarball C:\Users\mlanza\AppData\Local\Temp\npm-11660-9e33fdda\registry.npmjs.org\rollup\-\rollup-0.36.3.tgz not in flight; adding
42 verbose addTmpTarball already have metadata; skipping unpack for rollup@0.36.3
43 silly cache afterAdd rollup@0.36.3
44 verbose afterAdd C:\Users\mlanza\AppData\Roaming\npm-cache\rollup\0.36.3\package\package.json not in flight; writing
45 verbose afterAdd C:\Users\mlanza\AppData\Roaming\npm-cache\rollup\0.36.3\package\package.json written
46 silly install resolved [ { name: 'rollup',
46 silly install resolved     version: '0.36.3',
46 silly install resolved     description: 'Next-generation ES6 module bundler',
46 silly install resolved     main: 'dist/rollup.js',
46 silly install resolved     module: 'dist/rollup.es.js',
46 silly install resolved     'jsnext:main': 'dist/rollup.es.js',
46 silly install resolved     bin: { rollup: './bin/rollup' },
46 silly install resolved     scripts:
46 silly install resolved      { pretest: 'npm run build && npm run build:cli',
46 silly install resolved        test: 'mocha',
46 silly install resolved        'test:quick': 'rollup -c && mocha',
46 silly install resolved        'pretest-coverage': 'npm run build',
46 silly install resolved        'test-coverage': 'rm -rf coverage/* && istanbul cover --report json node_modules/.bin/_mocha -- -u exports -R spec test/test.js',
46 silly install resolved        'posttest-coverage': 'remap-istanbul -i coverage/coverage-final.json -o coverage/coverage-remapped.json -b dist && remap-istanbul -i coverage/coverage-final.json -o coverage/coverage-remapped.lcov -t lcovonly -b dist && remap-istanbul -i coverage/coverage-final.json -o coverage/coverage-remapped -t html -b dist',
46 silly install resolved        ci: 'npm run test-coverage && codecov < coverage/coverage-remapped.lcov',
46 silly install resolved        build: 'git rev-parse HEAD > .commithash && rollup -c',
46 silly install resolved        'build:cli': 'rollup -c rollup.config.cli.js',
46 silly install resolved        'build:browser': 'git rev-parse HEAD > .commithash && rollup -c rollup.config.browser.js',
46 silly install resolved        watch: 'rollup -c -w',
46 silly install resolved        'watch:browser': 'rollup -c rollup.config.browser.js -w',
46 silly install resolved        'watch:cli': 'rollup -c rollup.config.cli.js -w',
46 silly install resolved        prepublish: 'npm run lint && npm test && npm run build:browser',
46 silly install resolved        lint: 'eslint src browser test/test.js test/utils test/**/_config.js' },
46 silly install resolved     repository: { type: 'git', url: 'git+https://github.com/rollup/rollup.git' },
46 silly install resolved     keywords: [ 'modules', 'bundler', 'bundling', 'es6', 'optimizer' ],
46 silly install resolved     author: { name: 'Rich Harris' },
46 silly install resolved     contributors: [ [Object], [Object] ],
46 silly install resolved     license: 'MIT',
46 silly install resolved     bugs: { url: 'https://github.com/rollup/rollup/issues' },
46 silly install resolved     homepage: 'https://github.com/rollup/rollup',
46 silly install resolved     devDependencies:
46 silly install resolved      { acorn: '^4.0.1',
46 silly install resolved        buble: '^0.12.5',
46 silly install resolved        chalk: '^1.1.3',
46 silly install resolved        'codecov.io': '^0.1.6',
46 silly install resolved        'console-group': '^0.3.1',
46 silly install resolved        eslint: '^2.13.0',
46 silly install resolved        'eslint-plugin-import': '^1.14.0',
46 silly install resolved        'estree-walker': '^0.2.1',
46 silly install resolved        istanbul: '^0.4.3',
46 silly install resolved        'magic-string': '^0.15.2',
46 silly install resolved        minimist: '^1.2.0',
46 silly install resolved        mocha: '^3.0.0',
46 silly install resolved        'remap-istanbul': '^0.6.4',
46 silly install resolved        'require-relative': '^0.8.7',
46 silly install resolved        rollup: '^0.34.0',
46 silly install resolved        'rollup-plugin-buble': '^0.12.1',
46 silly install resolved        'rollup-plugin-commonjs': '^3.0.0',
46 silly install resolved        'rollup-plugin-json': '^2.0.0',
46 silly install resolved        'rollup-plugin-node-resolve': '^2.0.0',
46 silly install resolved        'rollup-plugin-replace': '^1.1.0',
46 silly install resolved        'rollup-plugin-string': '^2.0.0',
46 silly install resolved        sander: '^0.5.1',
46 silly install resolved        'source-map': '^0.5.6',
46 silly install resolved        'sourcemap-codec': '^1.3.0',
46 silly install resolved        'uglify-js': '^2.6.2' },
46 silly install resolved     dependencies: { 'source-map-support': '^0.4.0' },
46 silly install resolved     files: [ 'dist', 'bin/rollup', 'README.md' ],
46 silly install resolved     gitHead: '5344665d7256c7192cb69068635ff0d3f6c6cd8b',
46 silly install resolved     _id: 'rollup@0.36.3',
46 silly install resolved     _shasum: 'c89ac479828924ff8f69c1d44541cb4ea2fc11fc',
46 silly install resolved     _from: 'rollup@*',
46 silly install resolved     _npmVersion: '3.10.3',
46 silly install resolved     _nodeVersion: '6.4.0',
46 silly install resolved     _npmUser: { name: 'rich_harris', email: 'richard.a.harris@gmail.com' },
46 silly install resolved     dist:
46 silly install resolved      { shasum: 'c89ac479828924ff8f69c1d44541cb4ea2fc11fc',
46 silly install resolved        tarball: 'https://registry.npmjs.org/rollup/-/rollup-0.36.3.tgz' },
46 silly install resolved     maintainers: [ [Object], [Object], [Object], [Object] ],
46 silly install resolved     _npmOperationalInternal:
46 silly install resolved      { host: 'packages-16-east.internal.npmjs.com',
46 silly install resolved        tmp: 'tmp/rollup-0.36.3.tgz_1476043397363_0.9496347995009273' },
46 silly install resolved     directories: {},
46 silly install resolved     _resolved: 'https://registry.npmjs.org/rollup/-/rollup-0.36.3.tgz' } ]
47 info install rollup@0.36.3 into C:\Users\mlanza\AppData\Roaming\npm
48 info installOne rollup@0.36.3
49 verbose installOne of rollup to C:\Users\mlanza\AppData\Roaming\npm not in flight; installing
50 verbose lock using C:\Users\mlanza\AppData\Roaming\npm-cache\_locks\rollup-04f2a0a8269b66e9.lock for C:\Users\mlanza\AppData\Roaming\npm\node_modules\rollup
51 silly install write writing rollup 0.36.3 to C:\Users\mlanza\AppData\Roaming\npm\node_modules\rollup
52 verbose unbuild node_modules\rollup
53 silly gentlyRm C:\Users\mlanza\AppData\Roaming\npm\node_modules\rollup is being purged from base C:\Users\mlanza\AppData\Roaming\npm
54 verbose gentlyRm don't care about contents; nuking C:\Users\mlanza\AppData\Roaming\npm\node_modules\rollup
55 verbose tar unpack C:\Users\mlanza\AppData\Roaming\npm-cache\rollup\0.36.3\package.tgz
56 verbose tar unpacking to C:\Users\mlanza\AppData\Roaming\npm\node_modules\rollup
57 silly gentlyRm C:\Users\mlanza\AppData\Roaming\npm\node_modules\rollup is being purged
58 verbose gentlyRm don't care about contents; nuking C:\Users\mlanza\AppData\Roaming\npm\node_modules\rollup
59 silly gunzTarPerm modes [ '777', '666' ]
60 silly gunzTarPerm extractEntry package.json
61 silly gunzTarPerm modified mode [ 'package.json', 420, 438 ]
62 silly gunzTarPerm extractEntry README.md
63 silly gunzTarPerm modified mode [ 'README.md', 420, 438 ]
64 silly gunzTarPerm extractEntry CHANGELOG.md
65 silly gunzTarPerm modified mode [ 'CHANGELOG.md', 420, 438 ]
66 silly gunzTarPerm extractEntry LICENSE.md
67 silly gunzTarPerm modified mode [ 'LICENSE.md', 420, 438 ]
68 silly gunzTarPerm extractEntry bin/rollup
69 silly gunzTarPerm modified mode [ 'bin/rollup', 493, 511 ]
70 silly gunzTarPerm extractEntry dist/rollup.browser.js
71 silly gunzTarPerm modified mode [ 'dist/rollup.browser.js', 420, 438 ]
72 silly gunzTarPerm extractEntry dist/rollup.es.js
73 silly gunzTarPerm modified mode [ 'dist/rollup.es.js', 420, 438 ]
74 silly gunzTarPerm extractEntry dist/rollup.js
75 silly gunzTarPerm modified mode [ 'dist/rollup.js', 420, 438 ]
76 silly gunzTarPerm extractEntry dist/rollup.browser.js.map
77 silly gunzTarPerm modified mode [ 'dist/rollup.browser.js.map', 420, 438 ]
78 silly gunzTarPerm extractEntry dist/rollup.es.js.map
79 silly gunzTarPerm modified mode [ 'dist/rollup.es.js.map', 420, 438 ]
80 silly gunzTarPerm extractEntry dist/rollup.js.map
81 silly gunzTarPerm modified mode [ 'dist/rollup.js.map', 420, 438 ]
82 verbose write writing to C:\Users\mlanza\AppData\Roaming\npm\node_modules\rollup\package.json
83 info preinstall rollup@0.36.3
84 verbose readDependencies loading dependencies from C:\Users\mlanza\AppData\Roaming\npm\node_modules\rollup\package.json
85 silly prepareForInstallMany adding source-map-support@^0.4.0 from rollup dependencies
86 verbose readDependencies loading dependencies from C:\Users\mlanza\AppData\Roaming\npm\node_modules\rollup\package.json
87 silly cache add args [ 'source-map-support@^0.4.0', null ]
88 verbose cache add spec source-map-support@^0.4.0
89 silly cache add parsed spec { raw: 'source-map-support@^0.4.0',
89 silly cache add   scope: null,
89 silly cache add   name: 'source-map-support',
89 silly cache add   rawSpec: '^0.4.0',
89 silly cache add   spec: '>=0.4.0 <0.5.0',
89 silly cache add   type: 'range' }
90 silly addNamed source-map-support@>=0.4.0 <0.5.0
91 verbose addNamed ">=0.4.0 <0.5.0" is a valid semver range for source-map-support
92 silly addNameRange { name: 'source-map-support',
92 silly addNameRange   range: '>=0.4.0 <0.5.0',
92 silly addNameRange   hasData: false }
93 silly mapToRegistry name source-map-support
94 silly mapToRegistry using default registry
95 silly mapToRegistry registry https://registry.npmjs.org/
96 silly mapToRegistry uri https://registry.npmjs.org/source-map-support
97 verbose addNameRange registry:https://registry.npmjs.org/source-map-support not in flight; fetching
98 verbose request uri https://registry.npmjs.org/source-map-support
99 verbose request no auth needed
100 info attempt registry request try #1 at 2:53:00 PM
101 verbose etag "6B6R12E5GNGHR8VQZ1ZOHR2AQ"
102 http request GET https://registry.npmjs.org/source-map-support
103 http 200 https://registry.npmjs.org/source-map-support
104 silly get cb [ 200,
104 silly get   { server: 'CouchDB/1.5.0 (Erlang OTP/R16B03)',
104 silly get     etag: '"AM1PHHMLELEBMLSZ44LO8F4AB"',
104 silly get     'content-type': 'application/json',
104 silly get     'content-encoding': 'gzip',
104 silly get     'cache-control': 'max-age=300',
104 silly get     'content-length': '7861',
104 silly get     'accept-ranges': 'bytes',
104 silly get     date: 'Wed, 09 Nov 2016 19:53:00 GMT',
104 silly get     via: '1.1 varnish',
104 silly get     age: '266',
104 silly get     connection: 'keep-alive',
104 silly get     'x-served-by': 'cache-iad2127-IAD',
104 silly get     'x-cache': 'HIT',
104 silly get     'x-cache-hits': '11',
104 silly get     'x-timer': 'S1478721180.021867,VS0,VE0',
104 silly get     vary: 'Accept-Encoding' } ]
105 verbose get saving source-map-support to C:\Users\mlanza\AppData\Roaming\npm-cache\registry.npmjs.org\source-map-support\.cache.json
106 silly addNameRange number 2 { name: 'source-map-support',
106 silly addNameRange   range: '>=0.4.0 <0.5.0',
106 silly addNameRange   hasData: true }
107 silly addNameRange versions [ 'source-map-support',
107 silly addNameRange   [ '0.1.0',
107 silly addNameRange     '0.1.1',
107 silly addNameRange     '0.1.2',
107 silly addNameRange     '0.1.3',
107 silly addNameRange     '0.1.4',
107 silly addNameRange     '0.1.5',
107 silly addNameRange     '0.1.6',
107 silly addNameRange     '0.1.7',
107 silly addNameRange     '0.1.8',
107 silly addNameRange     '0.1.9',
107 silly addNameRange     '0.2.0',
107 silly addNameRange     '0.2.1',
107 silly addNameRange     '0.2.2',
107 silly addNameRange     '0.2.3',
107 silly addNameRange     '0.2.4',
107 silly addNameRange     '0.2.5',
107 silly addNameRange     '0.2.6',
107 silly addNameRange     '0.2.7',
107 silly addNameRange     '0.2.8',
107 silly addNameRange     '0.2.9',
107 silly addNameRange     '0.2.10',
107 silly addNameRange     '0.3.0',
107 silly addNameRange     '0.3.1',
107 silly addNameRange     '0.3.2',
107 silly addNameRange     '0.3.3',
107 silly addNameRange     '0.4.0',
107 silly addNameRange     '0.4.1',
107 silly addNameRange     '0.4.2',
107 silly addNameRange     '0.4.3',
107 silly addNameRange     '0.4.4',
107 silly addNameRange     '0.4.5',
107 silly addNameRange     '0.4.6' ] ]
108 silly addNamed source-map-support@0.4.6
109 verbose addNamed "0.4.6" is a plain semver version for source-map-support
110 silly mapToRegistry name source-map-support
111 silly mapToRegistry using default registry
112 silly mapToRegistry registry https://registry.npmjs.org/
113 silly mapToRegistry uri https://registry.npmjs.org/source-map-support
114 verbose addRemoteTarball https://registry.npmjs.org/source-map-support/-/source-map-support-0.4.6.tgz not in flight; adding
115 verbose addRemoteTarball [ 'https://registry.npmjs.org/source-map-support/-/source-map-support-0.4.6.tgz',
115 verbose addRemoteTarball   '32552aa64b458392a85eab3b0b5ee61527167aeb' ]
116 info retry fetch attempt 1 at 2:53:00 PM
117 info attempt registry request try #1 at 2:53:00 PM
118 http fetch GET https://registry.npmjs.org/source-map-support/-/source-map-support-0.4.6.tgz
119 http fetch 200 https://registry.npmjs.org/source-map-support/-/source-map-support-0.4.6.tgz
120 silly fetchAndShaCheck shasum 32552aa64b458392a85eab3b0b5ee61527167aeb
121 verbose addTmpTarball C:\Users\mlanza\AppData\Local\Temp\npm-11660-9e33fdda\registry.npmjs.org\source-map-support\-\source-map-support-0.4.6.tgz not in flight; adding
122 verbose addTmpTarball already have metadata; skipping unpack for source-map-support@0.4.6
123 silly cache afterAdd source-map-support@0.4.6
124 verbose afterAdd C:\Users\mlanza\AppData\Roaming\npm-cache\source-map-support\0.4.6\package\package.json not in flight; writing
125 verbose afterAdd C:\Users\mlanza\AppData\Roaming\npm-cache\source-map-support\0.4.6\package\package.json written
126 silly install resolved [ { name: 'source-map-support',
126 silly install resolved     description: 'Fixes stack traces for files with source maps',
126 silly install resolved     version: '0.4.6',
126 silly install resolved     main: './source-map-support.js',
126 silly install resolved     scripts:
126 silly install resolved      { build: 'node build.js',
126 silly install resolved        'serve-tests': 'http-server -p 1336',
126 silly install resolved        test: 'mocha' },
126 silly install resolved     dependencies: { 'source-map': '^0.5.3' },
126 silly install resolved     devDependencies:
126 silly install resolved      { browserify: '3.44.2',
126 silly install resolved        'coffee-script': '1.7.1',
126 silly install resolved        'http-server': '^0.8.5',
126 silly install resolved        mocha: '1.18.2' },
126 silly install resolved     repository:
126 silly install resolved      { type: 'git',
126 silly install resolved        url: 'git+https://github.com/evanw/node-source-map-support.git' },
126 silly install resolved     bugs: { url: 'https://github.com/evanw/node-source-map-support/issues' },
126 silly install resolved     license: 'MIT',
126 silly install resolved     gitHead: '313c03883ec48dd99cdf43fc9457d40d9599c142',
126 silly install resolved     homepage: 'https://github.com/evanw/node-source-map-support#readme',
126 silly install resolved     _id: 'source-map-support@0.4.6',
126 silly install resolved     _shasum: '32552aa64b458392a85eab3b0b5ee61527167aeb',
126 silly install resolved     _from: 'source-map-support@>=0.4.0 <0.5.0',
126 silly install resolved     _npmVersion: '3.10.7',
126 silly install resolved     _nodeVersion: '6.7.0',
126 silly install resolved     _npmUser: { name: 'linusu', email: 'linus@folkdatorn.se' },
126 silly install resolved     dist:
126 silly install resolved      { shasum: '32552aa64b458392a85eab3b0b5ee61527167aeb',
126 silly install resolved        tarball: 'https://registry.npmjs.org/source-map-support/-/source-map-support-0.4.6.tgz' },
126 silly install resolved     maintainers: [ [Object], [Object], [Object] ],
126 silly install resolved     _npmOperationalInternal:
126 silly install resolved      { host: 'packages-12-west.internal.npmjs.com',
126 silly install resolved        tmp: 'tmp/source-map-support-0.4.6.tgz_1477849990257_0.13668421655893326' },
126 silly install resolved     directories: {},
126 silly install resolved     _resolved: 'https://registry.npmjs.org/source-map-support/-/source-map-support-0.4.6.tgz' } ]
127 info install source-map-support@0.4.6 into C:\Users\mlanza\AppData\Roaming\npm\node_modules\rollup
128 info installOne source-map-support@0.4.6
129 verbose installOne of source-map-support to C:\Users\mlanza\AppData\Roaming\npm\node_modules\rollup not in flight; installing
130 verbose lock using C:\Users\mlanza\AppData\Roaming\npm-cache\_locks\source-map-support-274a58a35af79980.lock for C:\Users\mlanza\AppData\Roaming\npm\node_modules\rollup\node_modules\source-map-support
131 silly install write writing source-map-support 0.4.6 to C:\Users\mlanza\AppData\Roaming\npm\node_modules\rollup\node_modules\source-map-support
132 verbose unbuild node_modules\rollup\node_modules\source-map-support
133 silly gentlyRm C:\Users\mlanza\AppData\Roaming\npm\node_modules\rollup\node_modules\source-map-support is being purged from base C:\Users\mlanza\AppData\Roaming\npm
134 verbose gentlyRm don't care about contents; nuking C:\Users\mlanza\AppData\Roaming\npm\node_modules\rollup\node_modules\source-map-support
135 verbose tar unpack C:\Users\mlanza\AppData\Roaming\npm-cache\source-map-support\0.4.6\package.tgz
136 verbose tar unpacking to C:\Users\mlanza\AppData\Roaming\npm\node_modules\rollup\node_modules\source-map-support
137 silly gentlyRm C:\Users\mlanza\AppData\Roaming\npm\node_modules\rollup\node_modules\source-map-support is being purged
138 verbose gentlyRm don't care about contents; nuking C:\Users\mlanza\AppData\Roaming\npm\node_modules\rollup\node_modules\source-map-support
139 silly gunzTarPerm modes [ '777', '666' ]
140 silly gunzTarPerm extractEntry package.json
141 silly gunzTarPerm modified mode [ 'package.json', 420, 438 ]
142 silly gunzTarPerm extractEntry .npmignore
143 silly gunzTarPerm modified mode [ '.npmignore', 420, 438 ]
144 silly gunzTarPerm extractEntry README.md
145 silly gunzTarPerm modified mode [ 'README.md', 420, 438 ]
146 silly gunzTarPerm extractEntry test.js
147 silly gunzTarPerm modified mode [ 'test.js', 420, 438 ]
148 silly gunzTarPerm extractEntry browser-source-map-support.js
149 silly gunzTarPerm modified mode [ 'browser-source-map-support.js', 420, 438 ]
150 silly gunzTarPerm extractEntry build.js
151 silly gunzTarPerm modified mode [ 'build.js', 493, 511 ]
152 silly gunzTarPerm extractEntry source-map-support.js
153 silly gunzTarPerm modified mode [ 'source-map-support.js', 420, 438 ]
154 silly gunzTarPerm extractEntry register.js
155 silly gunzTarPerm modified mode [ 'register.js', 420, 438 ]
156 silly gunzTarPerm extractEntry LICENSE.md
157 silly gunzTarPerm modified mode [ 'LICENSE.md', 420, 438 ]
158 silly gunzTarPerm extractEntry .travis.yml
159 silly gunzTarPerm modified mode [ '.travis.yml', 420, 438 ]
160 verbose write writing to C:\Users\mlanza\AppData\Roaming\npm\node_modules\rollup\node_modules\source-map-support\package.json
161 info preinstall source-map-support@0.4.6
162 verbose readDependencies loading dependencies from C:\Users\mlanza\AppData\Roaming\npm\node_modules\rollup\node_modules\source-map-support\package.json
163 silly prepareForInstallMany adding source-map@^0.5.3 from source-map-support dependencies
164 verbose readDependencies loading dependencies from C:\Users\mlanza\AppData\Roaming\npm\node_modules\rollup\node_modules\source-map-support\package.json
165 silly cache add args [ 'source-map@^0.5.3', null ]
166 verbose cache add spec source-map@^0.5.3
167 silly cache add parsed spec { raw: 'source-map@^0.5.3',
167 silly cache add   scope: null,
167 silly cache add   name: 'source-map',
167 silly cache add   rawSpec: '^0.5.3',
167 silly cache add   spec: '>=0.5.3 <0.6.0',
167 silly cache add   type: 'range' }
168 silly addNamed source-map@>=0.5.3 <0.6.0
169 verbose addNamed ">=0.5.3 <0.6.0" is a valid semver range for source-map
170 silly addNameRange { name: 'source-map', range: '>=0.5.3 <0.6.0', hasData: false }
171 silly mapToRegistry name source-map
172 silly mapToRegistry using default registry
173 silly mapToRegistry registry https://registry.npmjs.org/
174 silly mapToRegistry uri https://registry.npmjs.org/source-map
175 verbose addNameRange registry:https://registry.npmjs.org/source-map not in flight; fetching
176 verbose request uri https://registry.npmjs.org/source-map
177 verbose request no auth needed
178 info attempt registry request try #1 at 2:53:00 PM
179 verbose etag "38NX2KTLFWYBSQOWRILU8P0Z2"
180 http request GET https://registry.npmjs.org/source-map
181 http 200 https://registry.npmjs.org/source-map
182 silly get cb [ 200,
182 silly get   { server: 'CouchDB/1.5.0 (Erlang OTP/R16B03)',
182 silly get     etag: '"3W1Q5MUYG4Q8Y8F2IOPUO3VY0"',
182 silly get     'content-type': 'application/json',
182 silly get     'content-encoding': 'gzip',
182 silly get     'cache-control': 'max-age=300',
182 silly get     'content-length': '17833',
182 silly get     'accept-ranges': 'bytes',
182 silly get     date: 'Wed, 09 Nov 2016 19:53:00 GMT',
182 silly get     via: '1.1 varnish',
182 silly get     age: '168',
182 silly get     connection: 'keep-alive',
182 silly get     'x-served-by': 'cache-iad2635-IAD',
182 silly get     'x-cache': 'HIT',
182 silly get     'x-cache-hits': '5',
182 silly get     'x-timer': 'S1478721180.297711,VS0,VE0',
182 silly get     vary: 'Accept-Encoding' } ]
183 verbose get saving source-map to C:\Users\mlanza\AppData\Roaming\npm-cache\registry.npmjs.org\source-map\.cache.json
184 silly addNameRange number 2 { name: 'source-map', range: '>=0.5.3 <0.6.0', hasData: true }
185 silly addNameRange versions [ 'source-map',
185 silly addNameRange   [ '0.0.0',
185 silly addNameRange     '0.1.0',
185 silly addNameRange     '0.1.1',
185 silly addNameRange     '0.1.2',
185 silly addNameRange     '0.1.3',
185 silly addNameRange     '0.1.4',
185 silly addNameRange     '0.1.5',
185 silly addNameRange     '0.1.6',
185 silly addNameRange     '0.1.7',
185 silly addNameRange     '0.1.8',
185 silly addNameRange     '0.1.9',
185 silly addNameRange     '0.1.10',
185 silly addNameRange     '0.1.11',
185 silly addNameRange     '0.1.12',
185 silly addNameRange     '0.1.13',
185 silly addNameRange     '0.1.14',
185 silly addNameRange     '0.1.15',
185 silly addNameRange     '0.1.16',
185 silly addNameRange     '0.1.17',
185 silly addNameRange     '0.1.18',
185 silly addNameRange     '0.1.19',
185 silly addNameRange     '0.1.20',
185 silly addNameRange     '0.1.21',
185 silly addNameRange     '0.1.22',
185 silly addNameRange     '0.1.23',
185 silly addNameRange     '0.1.24',
185 silly addNameRange     '0.1.25',
185 silly addNameRange     '0.1.26',
185 silly addNameRange     '0.1.27',
185 silly addNameRange     '0.1.28',
185 silly addNameRange     '0.1.29',
185 silly addNameRange     '0.1.30',
185 silly addNameRange     '0.1.31',
185 silly addNameRange     '0.1.32',
185 silly addNameRange     '0.1.33',
185 silly addNameRange     '0.1.34',
185 silly addNameRange     '0.1.35',
185 silly addNameRange     '0.1.36',
185 silly addNameRange     '0.1.37',
185 silly addNameRange     '0.1.38',
185 silly addNameRange     '0.1.39',
185 silly addNameRange     '0.1.40',
185 silly addNameRange     '0.1.41',
185 silly addNameRange     '0.1.42',
185 silly addNameRange     '0.1.43',
185 silly addNameRange     '0.2.0',
185 silly addNameRange     '0.3.0',
185 silly addNameRange     '0.4.0',
185 silly addNameRange     '0.4.1',
185 silly addNameRange     '0.4.2',
185 silly addNameRange     '0.4.3',
185 silly addNameRange     '0.4.4',
185 silly addNameRange     '0.5.0',
185 silly addNameRange     '0.5.1',
185 silly addNameRange     '0.5.2',
185 silly addNameRange     '0.5.3',
185 silly addNameRange     '0.5.4',
185 silly addNameRange     '0.5.5',
185 silly addNameRange     '0.5.6' ] ]
186 silly addNamed source-map@0.5.6
187 verbose addNamed "0.5.6" is a plain semver version for source-map
188 silly cache afterAdd source-map@0.5.6
189 verbose afterAdd C:\Users\mlanza\AppData\Roaming\npm-cache\source-map\0.5.6\package\package.json not in flight; writing
190 verbose afterAdd C:\Users\mlanza\AppData\Roaming\npm-cache\source-map\0.5.6\package\package.json written
191 silly install resolved [ { name: 'source-map',
191 silly install resolved     description: 'Generates and consumes source maps',
191 silly install resolved     version: '0.5.6',
191 silly install resolved     homepage: 'https://github.com/mozilla/source-map',
191 silly install resolved     author: { name: 'Nick Fitzgerald', email: 'nfitzgerald@mozilla.com' },
191 silly install resolved     contributors:
191 silly install resolved      [ [Object],
191 silly install resolved        [Object],
191 silly install resolved        [Object],
191 silly install resolved        [Object],
191 silly install resolved        [Object],
191 silly install resolved        [Object],
191 silly install resolved        [Object],
191 silly install resolved        [Object],
191 silly install resolved        [Object],
191 silly install resolved        [Object],
191 silly install resolved        [Object],
191 silly install resolved        [Object],
191 silly install resolved        [Object],
191 silly install resolved        [Object],
191 silly install resolved        [Object],
191 silly install resolved        [Object],
191 silly install resolved        [Object],
191 silly install resolved        [Object],
191 silly install resolved        [Object],
191 silly install resolved        [Object],
191 silly install resolved        [Object],
191 silly install resolved        [Object],
191 silly install resolved        [Object],
191 silly install resolved        [Object],
191 silly install resolved        [Object],
191 silly install resolved        [Object],
191 silly install resolved        [Object],
191 silly install resolved        [Object],
191 silly install resolved        [Object],
191 silly install resolved        [Object],
191 silly install resolved        [Object],
191 silly install resolved        [Object],
191 silly install resolved        [Object],
191 silly install resolved        [Object],
191 silly install resolved        [Object],
191 silly install resolved        [Object] ],
191 silly install resolved     repository:
191 silly install resolved      { type: 'git',
191 silly install resolved        url: 'git+ssh://git@github.com/mozilla/source-map.git' },
191 silly install resolved     main: './source-map.js',
191 silly install resolved     files:
191 silly install resolved      [ 'source-map.js',
191 silly install resolved        'lib/',
191 silly install resolved        'dist/source-map.debug.js',
191 silly install resolved        'dist/source-map.js',
191 silly install resolved        'dist/source-map.min.js',
191 silly install resolved        'dist/source-map.min.js.map' ],
191 silly install resolved     engines: { node: '>=0.10.0' },
191 silly install resolved     license: 'BSD-3-Clause',
191 silly install resolved     scripts:
191 silly install resolved      { test: 'npm run build && node test/run-tests.js',
191 silly install resolved        build: 'webpack --color',
191 silly install resolved        toc: 'doctoc --title \'## Table of Contents\' README.md && doctoc --title \'## Table of Contents\' CONTRIBUTING.md' },
191 silly install resolved     devDependencies: { doctoc: '^0.15.0', webpack: '^1.12.0' },
191 silly install resolved     gitHead: 'aa0398ced67beebea34f0d36f766505656c344f6',
191 silly install resolved     bugs: { url: 'https://github.com/mozilla/source-map/issues' },
191 silly install resolved     _id: 'source-map@0.5.6',
191 silly install resolved     _shasum: '75ce38f52bf0733c5a7f0c118d81334a2bb5f412',
191 silly install resolved     _from: 'source-map@>=0.5.3 <0.6.0',
191 silly install resolved     _npmVersion: '3.3.12',
191 silly install resolved     _nodeVersion: '5.3.0',
191 silly install resolved     _npmUser: { name: 'nickfitzgerald', email: 'fitzgen@gmail.com' },
191 silly install resolved     maintainers: [ [Object], [Object], [Object] ],
191 silly install resolved     dist:
191 silly install resolved      { shasum: '75ce38f52bf0733c5a7f0c118d81334a2bb5f412',
191 silly install resolved        tarball: 'https://registry.npmjs.org/source-map/-/source-map-0.5.6.tgz' },
191 silly install resolved     _npmOperationalInternal:
191 silly install resolved      { host: 'packages-12-west.internal.npmjs.com',
191 silly install resolved        tmp: 'tmp/source-map-0.5.6.tgz_1462209962516_0.9263619624543935' },
191 silly install resolved     directories: {},
191 silly install resolved     _resolved: 'https://registry.npmjs.org/source-map/-/source-map-0.5.6.tgz',
191 silly install resolved     readme: 'ERROR: No README data found!' } ]
192 info install source-map@0.5.6 into C:\Users\mlanza\AppData\Roaming\npm\node_modules\rollup\node_modules\source-map-support
193 info installOne source-map@0.5.6
194 verbose installOne of source-map to C:\Users\mlanza\AppData\Roaming\npm\node_modules\rollup\node_modules\source-map-support not in flight; installing
195 verbose lock using C:\Users\mlanza\AppData\Roaming\npm-cache\_locks\source-map-bdbc4bfc256afcd2.lock for C:\Users\mlanza\AppData\Roaming\npm\node_modules\rollup\node_modules\source-map-support\node_modules\source-map
196 silly install write writing source-map 0.5.6 to C:\Users\mlanza\AppData\Roaming\npm\node_modules\rollup\node_modules\source-map-support\node_modules\source-map
197 verbose unbuild node_modules\rollup\node_modules\source-map-support\node_modules\source-map
198 silly gentlyRm C:\Users\mlanza\AppData\Roaming\npm\node_modules\rollup\node_modules\source-map-support\node_modules\source-map is being purged from base C:\Users\mlanza\AppData\Roaming\npm
199 verbose gentlyRm don't care about contents; nuking C:\Users\mlanza\AppData\Roaming\npm\node_modules\rollup\node_modules\source-map-support\node_modules\source-map
200 verbose tar unpack C:\Users\mlanza\AppData\Roaming\npm-cache\source-map\0.5.6\package.tgz
201 verbose tar unpacking to C:\Users\mlanza\AppData\Roaming\npm\node_modules\rollup\node_modules\source-map-support\node_modules\source-map
202 silly gentlyRm C:\Users\mlanza\AppData\Roaming\npm\node_modules\rollup\node_modules\source-map-support\node_modules\source-map is being purged
203 verbose gentlyRm don't care about contents; nuking C:\Users\mlanza\AppData\Roaming\npm\node_modules\rollup\node_modules\source-map-support\node_modules\source-map
204 silly gunzTarPerm modes [ '777', '666' ]
205 silly gunzTarPerm extractEntry package.json
206 silly gunzTarPerm modified mode [ 'package.json', 420, 438 ]
207 silly gunzTarPerm extractEntry README.md
208 silly gunzTarPerm modified mode [ 'README.md', 420, 438 ]
209 silly gunzTarPerm extractEntry LICENSE
210 silly gunzTarPerm modified mode [ 'LICENSE', 420, 438 ]
211 silly gunzTarPerm extractEntry source-map.js
212 silly gunzTarPerm modified mode [ 'source-map.js', 420, 438 ]
213 silly gunzTarPerm extractEntry lib/array-set.js
214 silly gunzTarPerm modified mode [ 'lib/array-set.js', 420, 438 ]
215 silly gunzTarPerm extractEntry lib/base64-vlq.js
216 silly gunzTarPerm modified mode [ 'lib/base64-vlq.js', 420, 438 ]
217 silly gunzTarPerm extractEntry lib/base64.js
218 silly gunzTarPerm modified mode [ 'lib/base64.js', 420, 438 ]
219 silly gunzTarPerm extractEntry lib/binary-search.js
220 silly gunzTarPerm modified mode [ 'lib/binary-search.js', 420, 438 ]
221 silly gunzTarPerm extractEntry lib/mapping-list.js
222 silly gunzTarPerm modified mode [ 'lib/mapping-list.js', 420, 438 ]
223 silly gunzTarPerm extractEntry lib/quick-sort.js
224 silly gunzTarPerm modified mode [ 'lib/quick-sort.js', 420, 438 ]
225 silly gunzTarPerm extractEntry lib/source-map-consumer.js
226 silly gunzTarPerm modified mode [ 'lib/source-map-consumer.js', 420, 438 ]
227 silly gunzTarPerm extractEntry lib/source-map-generator.js
228 silly gunzTarPerm modified mode [ 'lib/source-map-generator.js', 420, 438 ]
229 silly gunzTarPerm extractEntry lib/source-node.js
230 silly gunzTarPerm modified mode [ 'lib/source-node.js', 420, 438 ]
231 silly gunzTarPerm extractEntry lib/util.js
232 silly gunzTarPerm modified mode [ 'lib/util.js', 420, 438 ]
233 silly gunzTarPerm extractEntry dist/source-map.debug.js
234 silly gunzTarPerm modified mode [ 'dist/source-map.debug.js', 420, 438 ]
235 silly gunzTarPerm extractEntry dist/source-map.js
236 silly gunzTarPerm modified mode [ 'dist/source-map.js', 420, 438 ]
237 silly gunzTarPerm extractEntry dist/source-map.min.js
238 silly gunzTarPerm modified mode [ 'dist/source-map.min.js', 420, 438 ]
239 silly gunzTarPerm extractEntry dist/source-map.min.js.map
240 silly gunzTarPerm modified mode [ 'dist/source-map.min.js.map', 420, 438 ]
241 silly gunzTarPerm extractEntry CHANGELOG.md
242 silly gunzTarPerm modified mode [ 'CHANGELOG.md', 420, 438 ]
243 verbose write writing to C:\Users\mlanza\AppData\Roaming\npm\node_modules\rollup\node_modules\source-map-support\node_modules\source-map\package.json
244 info preinstall source-map@0.5.6
245 verbose readDependencies loading dependencies from C:\Users\mlanza\AppData\Roaming\npm\node_modules\rollup\node_modules\source-map-support\node_modules\source-map\package.json
246 verbose readDependencies loading dependencies from C:\Users\mlanza\AppData\Roaming\npm\node_modules\rollup\node_modules\source-map-support\node_modules\source-map\package.json
247 silly install resolved []
248 verbose about to build C:\Users\mlanza\AppData\Roaming\npm\node_modules\rollup\node_modules\source-map-support\node_modules\source-map
249 info build C:\Users\mlanza\AppData\Roaming\npm\node_modules\rollup\node_modules\source-map-support\node_modules\source-map
250 info linkStuff source-map@0.5.6
251 silly linkStuff source-map@0.5.6 has C:\Users\mlanza\AppData\Roaming\npm\node_modules\rollup\node_modules\source-map-support\node_modules as its parent node_modules
252 silly linkStuff source-map@0.5.6 is part of a global install
253 silly linkStuff source-map@0.5.6 is installed into a global node_modules
254 verbose linkBins source-map@0.5.6
255 verbose linkMans source-map@0.5.6
256 verbose rebuildBundles source-map@0.5.6
257 info install source-map@0.5.6
258 info postinstall source-map@0.5.6
259 verbose unlock done using C:\Users\mlanza\AppData\Roaming\npm-cache\_locks\source-map-bdbc4bfc256afcd2.lock for C:\Users\mlanza\AppData\Roaming\npm\node_modules\rollup\node_modules\source-map-support\node_modules\source-map
260 verbose about to build C:\Users\mlanza\AppData\Roaming\npm\node_modules\rollup\node_modules\source-map-support
261 info build C:\Users\mlanza\AppData\Roaming\npm\node_modules\rollup\node_modules\source-map-support
262 info linkStuff source-map-support@0.4.6
263 silly linkStuff source-map-support@0.4.6 has C:\Users\mlanza\AppData\Roaming\npm\node_modules\rollup\node_modules as its parent node_modules
264 silly linkStuff source-map-support@0.4.6 is part of a global install
265 silly linkStuff source-map-support@0.4.6 is installed into a global node_modules
266 verbose linkBins source-map-support@0.4.6
267 verbose linkMans source-map-support@0.4.6
268 verbose rebuildBundles source-map-support@0.4.6
269 verbose rebuildBundles [ 'source-map' ]
270 info install source-map-support@0.4.6
271 info postinstall source-map-support@0.4.6
272 verbose unlock done using C:\Users\mlanza\AppData\Roaming\npm-cache\_locks\source-map-support-274a58a35af79980.lock for C:\Users\mlanza\AppData\Roaming\npm\node_modules\rollup\node_modules\source-map-support
273 verbose about to build C:\Users\mlanza\AppData\Roaming\npm\node_modules\rollup
274 info build C:\Users\mlanza\AppData\Roaming\npm\node_modules\rollup
275 info linkStuff rollup@0.36.3
276 silly linkStuff rollup@0.36.3 has C:\Users\mlanza\AppData\Roaming\npm\node_modules as its parent node_modules
277 silly linkStuff rollup@0.36.3 is part of a global install
278 silly linkStuff rollup@0.36.3 is installed into a global node_modules
279 silly linkStuff rollup@0.36.3 is installed into the top-level global node_modules
280 verbose linkBins rollup@0.36.3
281 verbose link bins [ { rollup: './bin/rollup' },
281 verbose link bins   'C:\\Users\\mlanza\\AppData\\Roaming\\npm',
281 verbose link bins   true ]
282 verbose linkMans rollup@0.36.3
283 verbose rebuildBundles rollup@0.36.3
284 verbose rebuildBundles [ 'source-map-support' ]
285 info install rollup@0.36.3
286 info postinstall rollup@0.36.3
287 verbose unlock done using C:\Users\mlanza\AppData\Roaming\npm-cache\_locks\rollup-04f2a0a8269b66e9.lock for C:\Users\mlanza\AppData\Roaming\npm\node_modules\rollup
288 verbose validateInstall loading C:\Users\mlanza\AppData\Roaming\npm\package.json for validation
289 verbose stack Error: The package bn.js does not satisfy its siblings' peerDependencies requirements!
289 verbose stack     at C:\Program Files (x86)\nodejs\node_modules\npm\lib\install.js:125:32
289 verbose stack     at C:\Program Files (x86)\nodejs\node_modules\npm\lib\install.js:267:7
289 verbose stack     at C:\Program Files (x86)\nodejs\node_modules\npm\node_modules\read-installed\read-installed.js:138:5
289 verbose stack     at C:\Program Files (x86)\nodejs\node_modules\npm\node_modules\read-installed\read-installed.js:251:14
289 verbose stack     at cb (C:\Program Files (x86)\nodejs\node_modules\npm\node_modules\slide\lib\async-map.js:47:24)
289 verbose stack     at C:\Program Files (x86)\nodejs\node_modules\npm\node_modules\read-installed\read-installed.js:251:14
289 verbose stack     at cb (C:\Program Files (x86)\nodejs\node_modules\npm\node_modules\slide\lib\async-map.js:47:24)
289 verbose stack     at C:\Program Files (x86)\nodejs\node_modules\npm\node_modules\read-installed\read-installed.js:251:14
289 verbose stack     at cb (C:\Program Files (x86)\nodejs\node_modules\npm\node_modules\slide\lib\async-map.js:47:24)
289 verbose stack     at C:\Program Files (x86)\nodejs\node_modules\npm\node_modules\read-installed\read-installed.js:251:14
290 verbose cwd D:\work\cloe
291 error Windows_NT 6.1.7601
292 error argv "C:\\Program Files (x86)\\nodejs\\\\node.exe" "C:\\Program Files (x86)\\nodejs\\node_modules\\npm\\bin\\npm-cli.js" "install" "rollup" "--global"
293 error node v0.12.7
294 error npm  v2.11.3
295 error code EPEERINVALID
296 error peerinvalid The package bn.js does not satisfy its siblings' peerDependencies requirements!
296 error peerinvalid Peer miller-rabin@1.1.2 wants bn.js@^0.16.0
297 verbose exit [ 1, true ]
